This file contains any messages produced by compilers while
running configure, to aid debugging if configure makes a mistake.

It was created by insortSort configure 1.0, which was
generated by GNU Autoconf 2.68.  Invocation command line was

  $ ./configure 

## --------- ##
## Platform. ##
## --------- ##

hostname = andre-VirtualBox
uname -m = i686
uname -r = 3.0.0-24-generic
uname -s = Linux
uname -v = #40-Ubuntu SMP Tue Jul 24 15:36:59 UTC 2012

/usr/bin/uname -p = unknown
/bin/uname -X     = unknown

/bin/arch              = unknown
/usr/bin/arch -k       = unknown
/usr/convex/getsysinfo = unknown
/usr/bin/hostinfo      = unknown
/bin/machine           = unknown
/usr/bin/oslevel       = unknown
/bin/universe          = unknown

PATH: /usr/local/bin
PATH: /usr/bin
PATH: /usr/lib/lightdm/lightdm
PATH: /usr/local/sbin
PATH: /usr/local/bin
PATH: /usr/sbin
PATH: /usr/bin
PATH: /sbin
PATH: /bin
PATH: /usr/games
PATH: /home/andre/.rvm/bin


## ----------- ##
## Core tests. ##
## ----------- ##

configure:2128: checking for a BSD-compatible install
configure:2196: result: /usr/bin/install -c
configure:2207: checking whether build environment is sane
configure:2257: result: yes
configure:2398: checking for a thread-safe mkdir -p
configure:2437: result: /bin/mkdir -p
configure:2450: checking for gawk
configure:2480: result: no
configure:2450: checking for mawk
configure:2466: found /usr/bin/mawk
configure:2477: result: mawk
configure:2488: checking whether make sets $(MAKE)
configure:2510: result: yes
configure:2643: checking for gcc
configure:2659: found /usr/bin/gcc
configure:2670: result: gcc
configure:2899: checking for C compiler version
configure:2908: gcc --version >&5
gcc (Ubuntu/Linaro 4.6.1-9ubuntu3) 4.6.1
Copyright (C) 2011 Free Software Foundation, Inc.
This is free software; see the source for copying conditions.  There is NO
warranty; not even for MERCHANTABILITY or FITNESS FOR A PARTICULAR PURPOSE.

configure:2919: $? = 0
configure:2908: gcc -v >&5
Using built-in specs.
COLLECT_GCC=gcc
COLLECT_LTO_WRAPPER=/usr/lib/gcc/i686-linux-gnu/4.6.1/lto-wrapper
Target: i686-linux-gnu
Configured with: ../src/configure -v --with-pkgversion='Ubuntu/Linaro 4.6.1-9ubuntu3' --with-bugurl=file:///usr/share/doc/gcc-4.6/README.Bugs --enable-languages=c,c++,fortran,objc,obj-c++,go --prefix=/usr --program-suffix=-4.6 --enable-shared --enable-linker-build-id --with-system-zlib --libexecdir=/usr/lib --without-included-gettext --enable-threads=posix --with-gxx-include-dir=/usr/include/c++/4.6 --libdir=/usr/lib --enable-nls --with-sysroot=/ --enable-clocale=gnu --enable-libstdcxx-debug --enable-libstdcxx-time=yes --enable-plugin --enable-objc-gc --enable-targets=all --disable-werror --with-arch-32=i686 --with-tune=generic --enable-checking=release --build=i686-linux-gnu --host=i686-linux-gnu --target=i686-linux-gnu
Thread model: posix
gcc version 4.6.1 (Ubuntu/Linaro 4.6.1-9ubuntu3) 
configure:2919: $? = 0
configure:2908: gcc -V >&5
gcc: error: unrecognized option '-V'
gcc: fatal error: no input files
compilation terminated.
configure:2919: $? = 4
configure:2908: gcc -qversion >&5
gcc: error: unrecognized option '-qversion'
gcc: fatal error: no input files
compilation terminated.
configure:2919: $? = 4
configure:2939: checking whether the C compiler works
configure:2961: gcc    conftest.c  >&5
configure:2965: $? = 0
configure:3013: result: yes
configure:3016: checking for C compiler default output file name
configure:3018: result: a.out
configure:3024: checking for suffix of executables
configure:3031: gcc -o conftest    conftest.c  >&5
configure:3035: $? = 0
configure:3057: result: 
configure:3079: checking whether we are cross compiling
configure:3087: gcc -o conftest    conftest.c  >&5
configure:3091: $? = 0
configure:3098: ./conftest
configure:3102: $? = 0
configure:3117: result: no
configure:3122: checking for suffix of object files
configure:3144: gcc -c   conftest.c >&5
configure:3148: $? = 0
configure:3169: result: o
configure:3173: checking whether we are using the GNU C compiler
configure:3192: gcc -c   conftest.c >&5
configure:3192: $? = 0
configure:3201: result: yes
configure:3210: checking whether gcc accepts -g
configure:3230: gcc -c -g  conftest.c >&5
configure:3230: $? = 0
configure:3271: result: yes
configure:3288: checking for gcc option to accept ISO C89
configure:3352: gcc  -c -g -O2  conftest.c >&5
configure:3352: $? = 0
configure:3365: result: none needed
configure:3396: checking for style of include used by make
configure:3424: result: GNU
configure:3449: checking dependency style of gcc
configure:3559: result: gcc3
configure:3578: checking for main in -lcunit
configure:3597: gcc -o conftest -g -O2   conftest.c -lcunit   >&5
configure:3597: $? = 0
configure:3606: result: yes
configure:3621: checking for inline
configure:3637: gcc -c -g -O2  conftest.c >&5
configure:3637: $? = 0
configure:3645: result: inline
configure:3667: checking for memset
configure:3667: gcc -o conftest -g -O2   conftest.c -lcunit  >&5
conftest.c:35:6: warning: conflicting types for built-in function 'memset' [enabled by default]
configure:3667: $? = 0
configure:3667: result: yes
configure:3705: checking build system type
configure:3719: result: i686-pc-linux-gnu
configure:3739: checking host system type
configure:3752: result: i686-pc-linux-gnu
configure:3793: checking how to print strings
configure:3820: result: printf
configure:3841: checking for a sed that does not truncate output
configure:3905: result: /bin/sed
configure:3923: checking for grep that handles long lines and -e
configure:3981: result: /bin/grep
configure:3986: checking for egrep
configure:4048: result: /bin/grep -E
configure:4053: checking for fgrep
configure:4115: result: /bin/grep -F
configure:4150: checking for ld used by gcc
configure:4217: result: /usr/bin/ld
configure:4224: checking if the linker (/usr/bin/ld) is GNU ld
configure:4239: result: yes
configure:4251: checking for BSD- or MS-compatible name lister (nm)
configure:4300: result: /usr/bin/nm -B
configure:4430: checking the name lister (/usr/bin/nm -B) interface
configure:4437: gcc -c -g -O2  conftest.c >&5
configure:4440: /usr/bin/nm -B "conftest.o"
configure:4443: output
00000000 B some_variable
configure:4450: result: BSD nm
configure:4453: checking whether ln -s works
configure:4457: result: yes
configure:4465: checking the maximum length of command line arguments
configure:4590: result: 1572864
configure:4607: checking whether the shell understands some XSI constructs
configure:4617: result: yes
configure:4621: checking whether the shell understands "+="
configure:4627: result: yes
configure:4662: checking how to convert i686-pc-linux-gnu file names to i686-pc-linux-gnu format
configure:4702: result: func_convert_file_noop
configure:4709: checking how to convert i686-pc-linux-gnu file names to toolchain format
configure:4729: result: func_convert_file_noop
configure:4736: checking for /usr/bin/ld option to reload object files
configure:4743: result: -r
configure:4817: checking for objdump
configure:4833: found /usr/bin/objdump
configure:4844: result: objdump
configure:4876: checking how to recognize dependent libraries
configure:5078: result: pass_all
configure:5163: checking for dlltool
configure:5193: result: no
configure:5223: checking how to associate runtime and link libraries
configure:5250: result: printf %s\n
configure:5310: checking for ar
configure:5326: found /usr/bin/ar
configure:5337: result: ar
configure:5374: checking for archiver @FILE support
configure:5391: gcc -c -g -O2  conftest.c >&5
configure:5391: $? = 0
configure:5394: ar cru libconftest.a @conftest.lst >&5
configure:5397: $? = 0
configure:5402: ar cru libconftest.a @conftest.lst >&5
ar: conftest.o: No such file or directory
configure:5405: $? = 1
configure:5417: result: @
configure:5475: checking for strip
configure:5491: found /usr/bin/strip
configure:5502: result: strip
configure:5574: checking for ranlib
configure:5590: found /usr/bin/ranlib
configure:5601: result: ranlib
configure:5703: checking command to parse /usr/bin/nm -B output from gcc object
configure:5822: gcc -c -g -O2  conftest.c >&5
configure:5825: $? = 0
configure:5829: /usr/bin/nm -B conftest.o \| sed -n -e 's/^.*[ ]\([ABCDGIRSTW][ABCDGIRSTW]*\)[ ][ ]*\([_A-Za-z][_A-Za-z0-9]*\)$/\1 \2 \2/p' | sed '/ __gnu_lto/d' \> conftest.nm
configure:5832: $? = 0
configure:5898: gcc -o conftest -g -O2   conftest.c conftstm.o >&5
configure:5901: $? = 0
configure:5939: result: ok
configure:5976: checking for sysroot
configure:6006: result: no
configure:6249: checking for mt
configure:6265: found /bin/mt
configure:6276: result: mt
configure:6299: checking if mt is a manifest tool
configure:6305: mt '-?'
configure:6313: result: no
configure:6945: checking how to run the C preprocessor
configure:6976: gcc -E  conftest.c
configure:6976: $? = 0
configure:6990: gcc -E  conftest.c
conftest.c:13:28: fatal error: ac_nonexistent.h: No such file or directory
compilation terminated.
configure:6990: $? = 1
configure: failed program was:
| /* confdefs.h */
| #define PACKAGE_NAME "insortSort"
| #define PACKAGE_TARNAME "insortsort"
| #define PACKAGE_VERSION "1.0"
| #define PACKAGE_STRING "insortSort 1.0"
| #define PACKAGE_BUGREPORT ""
| #define PACKAGE_URL ""
| #define PACKAGE "insortsort"
| #define VERSION "1.0"
| #define HAVE_LIBCUNIT 1
| #define HAVE_MEMSET 1
| /* end confdefs.h.  */
| #include <ac_nonexistent.h>
configure:7015: result: gcc -E
configure:7035: gcc -E  conftest.c
configure:7035: $? = 0
configure:7049: gcc -E  conftest.c
conftest.c:13:28: fatal error: ac_nonexistent.h: No such file or directory
compilation terminated.
configure:7049: $? = 1
configure: failed program was:
| /* confdefs.h */
| #define PACKAGE_NAME "insortSort"
| #define PACKAGE_TARNAME "insortsort"
| #define PACKAGE_VERSION "1.0"
| #define PACKAGE_STRING "insortSort 1.0"
| #define PACKAGE_BUGREPORT ""
| #define PACKAGE_URL ""
| #define PACKAGE "insortsort"
| #define VERSION "1.0"
| #define HAVE_LIBCUNIT 1
| #define HAVE_MEMSET 1
| /* end confdefs.h.  */
| #include <ac_nonexistent.h>
configure:7078: checking for ANSI C header files
configure:7098: gcc -c -g -O2  conftest.c >&5
configure:7098: $? = 0
configure:7171: gcc -o conftest -g -O2   conftest.c -lcunit  >&5
configure:7171: $? = 0
configure:7171: ./conftest
configure:7171: $? = 0
configure:7182: result: yes
configure:7195: checking for sys/types.h
configure:7195: gcc -c -g -O2  conftest.c >&5
configure:7195: $? = 0
configure:7195: result: yes
configure:7195: checking for sys/stat.h
configure:7195: gcc -c -g -O2  conftest.c >&5
configure:7195: $? = 0
configure:7195: result: yes
configure:7195: checking for stdlib.h
configure:7195: gcc -c -g -O2  conftest.c >&5
configure:7195: $? = 0
configure:7195: result: yes
configure:7195: checking for string.h
configure:7195: gcc -c -g -O2  conftest.c >&5
configure:7195: $? = 0
configure:7195: result: yes
configure:7195: checking for memory.h
configure:7195: gcc -c -g -O2  conftest.c >&5
configure:7195: $? = 0
configure:7195: result: yes
configure:7195: checking for strings.h
configure:7195: gcc -c -g -O2  conftest.c >&5
configure:7195: $? = 0
configure:7195: result: yes
configure:7195: checking for inttypes.h
configure:7195: gcc -c -g -O2  conftest.c >&5
configure:7195: $? = 0
configure:7195: result: yes
configure:7195: checking for stdint.h
configure:7195: gcc -c -g -O2  conftest.c >&5
configure:7195: $? = 0
configure:7195: result: yes
configure:7195: checking for unistd.h
configure:7195: gcc -c -g -O2  conftest.c >&5
configure:7195: $? = 0
configure:7195: result: yes
configure:7209: checking for dlfcn.h
configure:7209: gcc -c -g -O2  conftest.c >&5
configure:7209: $? = 0
configure:7209: result: yes
configure:7396: checking for objdir
configure:7411: result: .libs
configure:7678: checking if gcc supports -fno-rtti -fno-exceptions
configure:7696: gcc -c -g -O2  -fno-rtti -fno-exceptions conftest.c >&5
cc1: warning: command line option '-fno-rtti' is valid for C++/ObjC++ but not for C [enabled by default]
configure:7700: $? = 0
configure:7713: result: no
configure:8023: checking for gcc option to produce PIC
configure:8030: result: -fPIC -DPIC
configure:8038: checking if gcc PIC flag -fPIC -DPIC works
configure:8056: gcc -c -g -O2  -fPIC -DPIC -DPIC conftest.c >&5
configure:8060: $? = 0
configure:8073: result: yes
configure:8102: checking if gcc static flag -static works
configure:8130: result: yes
configure:8145: checking if gcc supports -c -o file.o
configure:8166: gcc -c -g -O2  -o out/conftest2.o conftest.c >&5
configure:8170: $? = 0
configure:8192: result: yes
configure:8200: checking if gcc supports -c -o file.o
configure:8247: result: yes
configure:8280: checking whether the gcc linker (/usr/bin/ld) supports shared libraries
configure:9442: result: yes
configure:9479: checking whether -lc should be explicitly linked in
configure:9487: gcc -c -g -O2  conftest.c >&5
configure:9490: $? = 0
configure:9505: gcc -shared  -fPIC -DPIC conftest.o  -v -Wl,-soname -Wl,conftest -o conftest 2\>\&1 \| /bin/grep  -lc  \>/dev/null 2\>\&1
configure:9508: $? = 0
configure:9522: result: no
configure:9687: checking dynamic linker characteristics
configure:10202: gcc -o conftest -g -O2   -Wl,-rpath -Wl,/foo conftest.c -lcunit  >&5
configure:10202: $? = 0
configure:10436: result: GNU/Linux ld.so
configure:10543: checking how to hardcode library paths into programs
configure:10568: result: immediate
configure:11108: checking whether stripping libraries is possible
configure:11113: result: yes
configure:11148: checking if libtool supports shared libraries
configure:11150: result: yes
configure:11153: checking whether to build shared libraries
configure:11174: result: yes
configure:11177: checking whether to build static libraries
configure:11181: result: yes
configure:11349: creating ./config.status

## ---------------------- ##
## Running config.status. ##
## ---------------------- ##

This file was extended by insortSort config.status 1.0, which was
generated by GNU Autoconf 2.68.  Invocation command line was

  CONFIG_FILES    = 
  CONFIG_HEADERS  = 
  CONFIG_LINKS    = 
  CONFIG_COMMANDS = 
  $ ./config.status 

on andre-VirtualBox

config.status:1089: creating Makefile
config.status:1089: creating config.h
config.status:1270: config.h is unchanged
config.status:1318: executing depfiles commands
config.status:1318: executing libtool commands

## ---------------- ##
## Cache variables. ##
## ---------------- ##

ac_cv_build=i686-pc-linux-gnu
ac_cv_c_compiler_gnu=yes
ac_cv_c_inline=inline
ac_cv_env_CC_set=
ac_cv_env_CC_value=
ac_cv_env_CFLAGS_set=
ac_cv_env_CFLAGS_value=
ac_cv_env_CPPFLAGS_set=
ac_cv_env_CPPFLAGS_value=
ac_cv_env_CPP_set=
ac_cv_env_CPP_value=
ac_cv_env_LDFLAGS_set=
ac_cv_env_LDFLAGS_value=
ac_cv_env_LIBS_set=
ac_cv_env_LIBS_value=
ac_cv_env_build_alias_set=
ac_cv_env_build_alias_value=
ac_cv_env_host_alias_set=
ac_cv_env_host_alias_value=
ac_cv_env_target_alias_set=
ac_cv_env_target_alias_value=
ac_cv_func_memset=yes
ac_cv_header_dlfcn_h=yes
ac_cv_header_inttypes_h=yes
ac_cv_header_memory_h=yes
ac_cv_header_stdc=yes
ac_cv_header_stdint_h=yes
ac_cv_header_stdlib_h=yes
ac_cv_header_string_h=yes
ac_cv_header_strings_h=yes
ac_cv_header_sys_stat_h=yes
ac_cv_header_sys_types_h=yes
ac_cv_header_unistd_h=yes
ac_cv_host=i686-pc-linux-gnu
ac_cv_lib_cunit_main=yes
ac_cv_objext=o
ac_cv_path_EGREP='/bin/grep -E'
ac_cv_path_FGREP='/bin/grep -F'
ac_cv_path_GREP=/bin/grep
ac_cv_path_SED=/bin/sed
ac_cv_path_install='/usr/bin/install -c'
ac_cv_path_mkdir=/bin/mkdir
ac_cv_prog_AWK=mawk
ac_cv_prog_CPP='gcc -E'
ac_cv_prog_ac_ct_AR=ar
ac_cv_prog_ac_ct_CC=gcc
ac_cv_prog_ac_ct_MANIFEST_TOOL=mt
ac_cv_prog_ac_ct_OBJDUMP=objdump
ac_cv_prog_ac_ct_RANLIB=ranlib
ac_cv_prog_ac_ct_STRIP=strip
ac_cv_prog_cc_c89=
ac_cv_prog_cc_g=yes
ac_cv_prog_make_make_set=yes
am_cv_CC_dependencies_compiler_type=gcc3
lt_cv_ar_at_file=@
lt_cv_archive_cmds_need_lc=no
lt_cv_deplibs_check_method=pass_all
lt_cv_file_magic_cmd='$MAGIC_CMD'
lt_cv_file_magic_test_file=
lt_cv_ld_reload_flag=-r
lt_cv_nm_interface='BSD nm'
lt_cv_objdir=.libs
lt_cv_path_LD=/usr/bin/ld
lt_cv_path_NM='/usr/bin/nm -B'
lt_cv_path_mainfest_tool=no
lt_cv_prog_compiler_c_o=yes
lt_cv_prog_compiler_pic='-fPIC -DPIC'
lt_cv_prog_compiler_pic_works=yes
lt_cv_prog_compiler_rtti_exceptions=no
lt_cv_prog_compiler_static_works=yes
lt_cv_prog_gnu_ld=yes
lt_cv_sharedlib_from_linklib_cmd='printf %s\n'
lt_cv_shlibpath_overrides_runpath=no
lt_cv_sys_global_symbol_pipe='sed -n -e '\''s/^.*[	 ]\([ABCDGIRSTW][ABCDGIRSTW]*\)[	 ][	 ]*\([_A-Za-z][_A-Za-z0-9]*\)$/\1 \2 \2/p'\'' | sed '\''/ __gnu_lto/d'\'''
lt_cv_sys_global_symbol_to_c_name_address='sed -n -e '\''s/^: \([^ ]*\)[ ]*$/  {\"\1\", (void *) 0},/p'\'' -e '\''s/^[ABCDGIRSTW]* \([^ ]*\) \([^ ]*\)$/  {"\2", (void *) \&\2},/p'\'''
lt_cv_sys_global_symbol_to_c_name_address_lib_prefix='sed -n -e '\''s/^: \([^ ]*\)[ ]*$/  {\"\1\", (void *) 0},/p'\'' -e '\''s/^[ABCDGIRSTW]* \([^ ]*\) \(lib[^ ]*\)$/  {"\2", (void *) \&\2},/p'\'' -e '\''s/^[ABCDGIRSTW]* \([^ ]*\) \([^ ]*\)$/  {"lib\2", (void *) \&\2},/p'\'''
lt_cv_sys_global_symbol_to_cdecl='sed -n -e '\''s/^T .* \(.*\)$/extern int \1();/p'\'' -e '\''s/^[ABCDGIRSTW]* .* \(.*\)$/extern char \1;/p'\'''
lt_cv_sys_max_cmd_len=1572864
lt_cv_to_host_file_cmd=func_convert_file_noop
lt_cv_to_tool_file_cmd=func_convert_file_noop

## ----------------- ##
## Output variables. ##
## ----------------- ##

ACLOCAL='${SHELL} /home/andre/work/insertsort/missing --run aclocal-1.11'
AMDEPBACKSLASH='\'
AMDEP_FALSE='#'
AMDEP_TRUE=''
AMTAR='${SHELL} /home/andre/work/insertsort/missing --run tar'
AR='ar'
AUTOCONF='${SHELL} /home/andre/work/insertsort/missing --run autoconf'
AUTOHEADER='${SHELL} /home/andre/work/insertsort/missing --run autoheader'
AUTOMAKE='${SHELL} /home/andre/work/insertsort/missing --run automake-1.11'
AWK='mawk'
CC='gcc'
CCDEPMODE='depmode=gcc3'
CFLAGS='-g -O2'
CPP='gcc -E'
CPPFLAGS=''
CYGPATH_W='echo'
DEFS='-DHAVE_CONFIG_H'
DEPDIR='.deps'
DLLTOOL='false'
DSYMUTIL=''
DUMPBIN=''
ECHO_C=''
ECHO_N='-n'
ECHO_T=''
EGREP='/bin/grep -E'
EXEEXT=''
FGREP='/bin/grep -F'
GREP='/bin/grep'
INSTALL_DATA='${INSTALL} -m 644'
INSTALL_PROGRAM='${INSTALL}'
INSTALL_SCRIPT='${INSTALL}'
INSTALL_STRIP_PROGRAM='$(install_sh) -c -s'
LD='/usr/bin/ld'
LDFLAGS=''
LIBOBJS=''
LIBS='-lcunit '
LIBTOOL='$(SHELL) $(top_builddir)/libtool'
LIPO=''
LN_S='ln -s'
LTLIBOBJS=''
MAKEINFO='${SHELL} /home/andre/work/insertsort/missing --run makeinfo'
MANIFEST_TOOL=':'
MKDIR_P='/bin/mkdir -p'
NM='/usr/bin/nm -B'
NMEDIT=''
OBJDUMP='objdump'
OBJEXT='o'
OTOOL64=''
OTOOL=''
PACKAGE='insortsort'
PACKAGE_BUGREPORT=''
PACKAGE_NAME='insortSort'
PACKAGE_STRING='insortSort 1.0'
PACKAGE_TARNAME='insortsort'
PACKAGE_URL=''
PACKAGE_VERSION='1.0'
PATH_SEPARATOR=':'
RANLIB='ranlib'
SED='/bin/sed'
SET_MAKE=''
SHELL='/bin/bash'
STRIP='strip'
VERSION='1.0'
ac_ct_AR='ar'
ac_ct_CC='gcc'
ac_ct_DUMPBIN=''
am__EXEEXT_FALSE=''
am__EXEEXT_TRUE='#'
am__fastdepCC_FALSE='#'
am__fastdepCC_TRUE=''
am__include='include'
am__isrc=''
am__leading_dot='.'
am__quote=''
am__tar='${AMTAR} chof - "$$tardir"'
am__untar='${AMTAR} xf -'
bindir='${exec_prefix}/bin'
build='i686-pc-linux-gnu'
build_alias=''
build_cpu='i686'
build_os='linux-gnu'
build_vendor='pc'
datadir='${datarootdir}'
datarootdir='${prefix}/share'
docdir='${datarootdir}/doc/${PACKAGE_TARNAME}'
dvidir='${docdir}'
exec_prefix='${prefix}'
host='i686-pc-linux-gnu'
host_alias=''
host_cpu='i686'
host_os='linux-gnu'
host_vendor='pc'
htmldir='${docdir}'
includedir='${prefix}/include'
infodir='${datarootdir}/info'
install_sh='${SHELL} /home/andre/work/insertsort/install-sh'
libdir='${exec_prefix}/lib'
libexecdir='${exec_prefix}/libexec'
localedir='${datarootdir}/locale'
localstatedir='${prefix}/var'
mandir='${datarootdir}/man'
mkdir_p='/bin/mkdir -p'
oldincludedir='/usr/include'
pdfdir='${docdir}'
prefix='/usr/local'
program_transform_name='s,x,x,'
psdir='${docdir}'
sbindir='${exec_prefix}/sbin'
sharedstatedir='${prefix}/com'
sysconfdir='${prefix}/etc'
target_alias=''

## ----------- ##
## confdefs.h. ##
## ----------- ##

/* confdefs.h */
#define PACKAGE_NAME "insortSort"
#define PACKAGE_TARNAME "insortsort"
#define PACKAGE_VERSION "1.0"
#define PACKAGE_STRING "insortSort 1.0"
#define PACKAGE_BUGREPORT ""
#define PACKAGE_URL ""
#define PACKAGE "insortsort"
#define VERSION "1.0"
#define HAVE_LIBCUNIT 1
#define HAVE_MEMSET 1
#define STDC_HEADERS 1
#define HAVE_SYS_TYPES_H 1
#define HAVE_SYS_STAT_H 1
#define HAVE_STDLIB_H 1
#define HAVE_STRING_H 1
#define HAVE_MEMORY_H 1
#define HAVE_STRINGS_H 1
#define HAVE_INTTYPES_H 1
#define HAVE_STDINT_H 1
#define HAVE_UNISTD_H 1
#define HAVE_DLFCN_H 1
#define LT_OBJDIR ".libs/"

configure: exit 0

## ---------------------- ##
## Running config.status. ##
## ---------------------- ##

This file was extended by insortSort config.status 1.0, which was
generated by GNU Autoconf 2.68.  Invocation command line was

  CONFIG_FILES    = 
  CONFIG_HEADERS  = 
  CONFIG_LINKS    = 
  CONFIG_COMMANDS = 
  $ ./config.status Makefile depfiles

on andre-VirtualBox

config.status:1089: creating Makefile
config.status:1318: executing depfiles commands
